<?xml version="1.0" encoding="UTF-8"?>
<!-- Generated by org.testng.reporters.JUnitXMLReporter -->
<testsuite hostname="Deepak-PC" name="AtlasUIAutomationTests" tests="42" failures="6" timestamp="21 Feb 2016 15:08:23 GMT" time="599.501" errors="0">
  <testcase name="validateAboutLink" time="20.567" classname="org.apache.atlas.seleniumtests.HomePageTest"/>
  <testcase name="validateAtlasLogo" time="0.137" classname="org.apache.atlas.seleniumtests.HomePageTest">
    <failure type="org.openqa.selenium.WebDriverException" message="Element is not clickable at point (156, 19). Other element would receive the click: &amp;lt;div style=&amp;quot;z-index: 1050; display: block;&amp;quot; animate=&amp;quot;animate&amp;quot; index=&amp;quot;0&amp;quot; size=&amp;quot;lg&amp;quot; modal-window=&amp;quot;&amp;quot; tabindex=&amp;quot;-1&amp;quot; role=&amp;quot;dialog&amp;quot; class=&amp;quot;modal fade ng-isolate-scope in&amp;quot; ng-class=&amp;quot;{in: animate}&amp;quot; ng-style=&amp;quot;{&amp;apos;z-index&amp;apos;: 1050 + index*10, display: &amp;apos;block&amp;apos;}&amp;quot; ng-click=&amp;quot;close($event)&amp;quot;&amp;gt;&amp;lt;/div&amp;gt;
Command duration or timeout: 64 milliseconds
Build info: version: &amp;apos;2.50.1&amp;apos;, revision: &amp;apos;d7fc91b&amp;apos;, time: &amp;apos;2016-01-29 19:04:49&amp;apos;
System info: host: &amp;apos;Deepak-PC&amp;apos;, ip: &amp;apos;192.168.1.100&amp;apos;, os.name: &amp;apos;Windows 7&amp;apos;, os.arch: &amp;apos;amd64&amp;apos;, os.version: &amp;apos;6.1&amp;apos;, java.version: &amp;apos;1.7.0_79&amp;apos;
Session ID: 9a2cb66c-051d-409d-962c-60a62f3ab099
Driver info: org.openqa.selenium.firefox.FirefoxDriver
Capabilities [{platform=WINDOWS, acceptSslCerts=true, javascriptEnabled=true, cssSelectorsEnabled=true, databaseEnabled=true, browserName=firefox, handlesAlerts=true, nativeEvents=false, webStorageEnabled=true, rotatable=false, locationContextEnabled=true, applicationCacheEnabled=true, takesScreenshot=true, version=44.0.2}]">
      <![CDATA[org.openqa.selenium.WebDriverException: Element is not clickable at point (156, 19). Other element would receive the click: <div style="z-index: 1050; display: block;" animate="animate" index="0" size="lg" modal-window="" tabindex="-1" role="dialog" class="modal fade ng-isolate-scope in" ng-class="{in: animate}" ng-style="{'z-index': 1050 + index*10, display: 'block'}" ng-click="close($event)"></div>
Command duration or timeout: 64 milliseconds
Build info: version: '2.50.1', revision: 'd7fc91b', time: '2016-01-29 19:04:49'
System info: host: 'Deepak-PC', ip: '192.168.1.100', os.name: 'Windows 7', os.arch: 'amd64', os.version: '6.1', java.version: '1.7.0_79'
Session ID: 9a2cb66c-051d-409d-962c-60a62f3ab099
Driver info: org.openqa.selenium.firefox.FirefoxDriver
Capabilities [{platform=WINDOWS, acceptSslCerts=true, javascriptEnabled=true, cssSelectorsEnabled=true, databaseEnabled=true, browserName=firefox, handlesAlerts=true, nativeEvents=false, webStorageEnabled=true, rotatable=false, locationContextEnabled=true, applicationCacheEnabled=true, takesScreenshot=true, version=44.0.2}]
	at org.openqa.selenium.remote.ErrorHandler.createThrowable(ErrorHandler.java:206)
	at org.openqa.selenium.remote.ErrorHandler.throwIfResponseFailed(ErrorHandler.java:158)
	at org.openqa.selenium.remote.RemoteWebDriver.execute(RemoteWebDriver.java:678)
	at org.openqa.selenium.remote.RemoteWebElement.execute(RemoteWebElement.java:327)
	at org.openqa.selenium.remote.RemoteWebElement.click(RemoteWebElement.java:85)
	at org.openqa.selenium.support.events.EventFiringWebDriver$EventFiringWebElement$1.invoke(EventFiringWebDriver.java:335)
	at com.sun.proxy.$Proxy12.click(Unknown Source)
	at org.openqa.selenium.support.events.EventFiringWebDriver$EventFiringWebElement.click(EventFiringWebDriver.java:348)
	at org.openqa.selenium.support.pagefactory.internal.LocatingElementHandler.invoke(LocatingElementHandler.java:51)
	at com.sun.proxy.$Proxy10.click(Unknown Source)
	at org.atlas.ui.pages.HomePage.validateLogo(HomePage.java:135)
	at org.apache.atlas.seleniumtests.HomePageTest.validateAtlasLogo(HomePageTest.java:78)
	at java.util.concurrent.FutureTask.run(Unknown Source)
	at java.util.concurrent.ThreadPoolExecutor.runWorker(Unknown Source)
	at java.util.concurrent.ThreadPoolExecutor$Worker.run(Unknown Source)
	at java.lang.Thread.run(Unknown Source)
... Removed 28 stack frames]]>
    </failure>
  </testcase> <!-- validateAtlasLogo -->
  <testcase name="validateHelpLink" time="15.119" classname="org.apache.atlas.seleniumtests.HomePageTest">
    <failure type="org.openqa.selenium.WebDriverException" message="Element is not clickable at point (1172, 20). Other element would receive the click: &amp;lt;div style=&amp;quot;z-index: 1050; display: block;&amp;quot; animate=&amp;quot;animate&amp;quot; index=&amp;quot;0&amp;quot; size=&amp;quot;lg&amp;quot; modal-window=&amp;quot;&amp;quot; tabindex=&amp;quot;-1&amp;quot; role=&amp;quot;dialog&amp;quot; class=&amp;quot;modal fade ng-isolate-scope in&amp;quot; ng-class=&amp;quot;{in: animate}&amp;quot; ng-style=&amp;quot;{&amp;apos;z-index&amp;apos;: 1050 + index*10, display: &amp;apos;block&amp;apos;}&amp;quot; ng-click=&amp;quot;close($event)&amp;quot;&amp;gt;&amp;lt;/div&amp;gt;
Command duration or timeout: 63 milliseconds
Build info: version: &amp;apos;2.50.1&amp;apos;, revision: &amp;apos;d7fc91b&amp;apos;, time: &amp;apos;2016-01-29 19:04:49&amp;apos;
System info: host: &amp;apos;Deepak-PC&amp;apos;, ip: &amp;apos;192.168.1.100&amp;apos;, os.name: &amp;apos;Windows 7&amp;apos;, os.arch: &amp;apos;amd64&amp;apos;, os.version: &amp;apos;6.1&amp;apos;, java.version: &amp;apos;1.7.0_79&amp;apos;
Session ID: 9a2cb66c-051d-409d-962c-60a62f3ab099
Driver info: org.openqa.selenium.firefox.FirefoxDriver
Capabilities [{platform=WINDOWS, acceptSslCerts=true, javascriptEnabled=true, cssSelectorsEnabled=true, databaseEnabled=true, browserName=firefox, handlesAlerts=true, nativeEvents=false, webStorageEnabled=true, rotatable=false, locationContextEnabled=true, applicationCacheEnabled=true, takesScreenshot=true, version=44.0.2}]">
      <![CDATA[org.openqa.selenium.WebDriverException: Element is not clickable at point (1172, 20). Other element would receive the click: <div style="z-index: 1050; display: block;" animate="animate" index="0" size="lg" modal-window="" tabindex="-1" role="dialog" class="modal fade ng-isolate-scope in" ng-class="{in: animate}" ng-style="{'z-index': 1050 + index*10, display: 'block'}" ng-click="close($event)"></div>
Command duration or timeout: 63 milliseconds
Build info: version: '2.50.1', revision: 'd7fc91b', time: '2016-01-29 19:04:49'
System info: host: 'Deepak-PC', ip: '192.168.1.100', os.name: 'Windows 7', os.arch: 'amd64', os.version: '6.1', java.version: '1.7.0_79'
Session ID: 9a2cb66c-051d-409d-962c-60a62f3ab099
Driver info: org.openqa.selenium.firefox.FirefoxDriver
Capabilities [{platform=WINDOWS, acceptSslCerts=true, javascriptEnabled=true, cssSelectorsEnabled=true, databaseEnabled=true, browserName=firefox, handlesAlerts=true, nativeEvents=false, webStorageEnabled=true, rotatable=false, locationContextEnabled=true, applicationCacheEnabled=true, takesScreenshot=true, version=44.0.2}]
	at org.openqa.selenium.remote.ErrorHandler.createThrowable(ErrorHandler.java:206)
	at org.openqa.selenium.remote.ErrorHandler.throwIfResponseFailed(ErrorHandler.java:158)
	at org.openqa.selenium.remote.RemoteWebDriver.execute(RemoteWebDriver.java:678)
	at org.openqa.selenium.remote.RemoteWebElement.execute(RemoteWebElement.java:327)
	at org.openqa.selenium.remote.RemoteWebElement.click(RemoteWebElement.java:85)
	at org.openqa.selenium.support.events.EventFiringWebDriver$EventFiringWebElement$1.invoke(EventFiringWebDriver.java:335)
	at com.sun.proxy.$Proxy12.click(Unknown Source)
	at org.openqa.selenium.support.events.EventFiringWebDriver$EventFiringWebElement.click(EventFiringWebDriver.java:348)
	at org.atlas.ui.pages.HomePage.clickOnMenu(HomePage.java:86)
	at org.atlas.ui.pages.HomePage.validateLink(HomePage.java:70)
	at org.apache.atlas.seleniumtests.HomePageTest.validateHelpLink(HomePageTest.java:106)
	at java.util.concurrent.FutureTask.run(Unknown Source)
	at java.util.concurrent.ThreadPoolExecutor.runWorker(Unknown Source)
	at java.util.concurrent.ThreadPoolExecutor$Worker.run(Unknown Source)
	at java.lang.Thread.run(Unknown Source)
... Removed 24 stack frames]]>
    </failure>
  </testcase> <!-- validateHelpLink -->
  <testcase name="validateMenuLinks" time="0.059" classname="org.apache.atlas.seleniumtests.HomePageTest"/>
  <testcase name="Validate_NumberOfRows" time="24.604" classname="org.apache.atlas.seleniumtests.PaginationTest"/>
  <testcase name="invalidSearchResult" time="13.616" classname="org.apache.atlas.seleniumtests.SearchPageTest"/>
  <testcase name="testPageElementsFromSearchPage" time="3.243" classname="org.apache.atlas.seleniumtests.SearchPageTest"/>
  <testcase name="validateFunctionalTestTag" time="10.122" classname="org.apache.atlas.seleniumtests.SearchPageTest">
    <failure type="java.lang.AssertionError" message="Validating tag in search page tags expected [true] but found [false]">
      <![CDATA[java.lang.AssertionError: Validating tag in search page tags expected [true] but found [false]
	at org.apache.atlas.seleniumtests.SearchPageTest.validateFunctionalTestTag(SearchPageTest.java:165)
	at java.util.concurrent.FutureTask.run(Unknown Source)
	at java.util.concurrent.ThreadPoolExecutor.runWorker(Unknown Source)
	at java.util.concurrent.ThreadPoolExecutor$Worker.run(Unknown Source)
	at java.lang.Thread.run(Unknown Source)
... Removed 19 stack frames]]>
    </failure>
  </testcase> <!-- validateFunctionalTestTag -->
  <testcase name="validateSearchFunctionalty" time="13.297" classname="org.apache.atlas.seleniumtests.SearchPageTest"/>
  <testcase name="validateSearchQueries" time="13.537" classname="org.apache.atlas.seleniumtests.SearchPageTest"/>
  <testcase name="validateSearchQueries" time="13.456" classname="org.apache.atlas.seleniumtests.SearchPageTest"/>
  <testcase name="validateSearchQueries" time="13.414" classname="org.apache.atlas.seleniumtests.SearchPageTest"/>
  <testcase name="validateSearchQueries" time="13.485" classname="org.apache.atlas.seleniumtests.SearchPageTest"/>
  <testcase name="validateSearchQueries" time="13.629" classname="org.apache.atlas.seleniumtests.SearchPageTest"/>
  <testcase name="validateSearchQueries" time="13.697" classname="org.apache.atlas.seleniumtests.SearchPageTest"/>
  <testcase name="validateSearchQueries" time="13.85" classname="org.apache.atlas.seleniumtests.SearchPageTest"/>
  <testcase name="validateSearchQueries" time="13.553" classname="org.apache.atlas.seleniumtests.SearchPageTest"/>
  <testcase name="validateSearchQueries" time="13.544" classname="org.apache.atlas.seleniumtests.SearchPageTest"/>
  <testcase name="validateSearchQueries" time="13.461" classname="org.apache.atlas.seleniumtests.SearchPageTest"/>
  <testcase name="validateSearchQueries" time="13.503" classname="org.apache.atlas.seleniumtests.SearchPageTest"/>
  <testcase name="validateSearchQueries" time="13.442" classname="org.apache.atlas.seleniumtests.SearchPageTest"/>
  <testcase name="validateSearchQueries" time="13.433" classname="org.apache.atlas.seleniumtests.SearchPageTest"/>
  <testcase name="validateSearchResultCount" time="13.683" classname="org.apache.atlas.seleniumtests.SearchPageTest"/>
  <testcase name="validateTableHeaders" time="0.075" classname="org.apache.atlas.seleniumtests.SearchPageTest"/>
  <testcase name="validateTagInSearchResult" time="28.444" classname="org.apache.atlas.seleniumtests.SearchPageTest"/>
  <testcase name="validateTagSearchResult" time="0.061" classname="org.apache.atlas.seleniumtests.SearchPageTest"/>
  <testcase name="validateTagSectionInSearchPage" time="0.012" classname="org.apache.atlas.seleniumtests.SearchPageTest"/>
  <testcase name="addFunctionalTestTag" time="33.415" classname="org.apache.atlas.seleniumtests.TagsPageTest"/>
  <testcase name="createTagWithAttribute" time="33.669" classname="org.apache.atlas.seleniumtests.TagsPageTest"/>
  <testcase name="duplicateTagName" time="0.073" classname="org.apache.atlas.seleniumtests.TagsPageTest">
    <failure type="org.openqa.selenium.InvalidElementStateException" message="Element is disabled and so may not be used for actions
Command duration or timeout: 8 milliseconds
Build info: version: &amp;apos;2.50.1&amp;apos;, revision: &amp;apos;d7fc91b&amp;apos;, time: &amp;apos;2016-01-29 19:04:49&amp;apos;
System info: host: &amp;apos;Deepak-PC&amp;apos;, ip: &amp;apos;192.168.1.100&amp;apos;, os.name: &amp;apos;Windows 7&amp;apos;, os.arch: &amp;apos;amd64&amp;apos;, os.version: &amp;apos;6.1&amp;apos;, java.version: &amp;apos;1.7.0_79&amp;apos;
Session ID: 9a2cb66c-051d-409d-962c-60a62f3ab099
Driver info: org.openqa.selenium.firefox.FirefoxDriver
Capabilities [{platform=WINDOWS, acceptSslCerts=true, javascriptEnabled=true, cssSelectorsEnabled=true, databaseEnabled=true, browserName=firefox, handlesAlerts=true, nativeEvents=false, webStorageEnabled=true, rotatable=false, locationContextEnabled=true, applicationCacheEnabled=true, takesScreenshot=true, version=44.0.2}]">
      <![CDATA[org.openqa.selenium.InvalidElementStateException: Element is disabled and so may not be used for actions
Command duration or timeout: 8 milliseconds
Build info: version: '2.50.1', revision: 'd7fc91b', time: '2016-01-29 19:04:49'
System info: host: 'Deepak-PC', ip: '192.168.1.100', os.name: 'Windows 7', os.arch: 'amd64', os.version: '6.1', java.version: '1.7.0_79'
Session ID: 9a2cb66c-051d-409d-962c-60a62f3ab099
Driver info: org.openqa.selenium.firefox.FirefoxDriver
Capabilities [{platform=WINDOWS, acceptSslCerts=true, javascriptEnabled=true, cssSelectorsEnabled=true, databaseEnabled=true, browserName=firefox, handlesAlerts=true, nativeEvents=false, webStorageEnabled=true, rotatable=false, locationContextEnabled=true, applicationCacheEnabled=true, takesScreenshot=true, version=44.0.2}]
	at org.openqa.selenium.remote.ErrorHandler.createThrowable(ErrorHandler.java:206)
	at org.openqa.selenium.remote.ErrorHandler.throwIfResponseFailed(ErrorHandler.java:158)
	at org.openqa.selenium.remote.RemoteWebDriver.execute(RemoteWebDriver.java:678)
	at org.openqa.selenium.remote.RemoteWebElement.execute(RemoteWebElement.java:327)
	at org.openqa.selenium.remote.RemoteWebElement.clear(RemoteWebElement.java:140)
	at org.openqa.selenium.support.events.EventFiringWebDriver$EventFiringWebElement$1.invoke(EventFiringWebDriver.java:335)
	at com.sun.proxy.$Proxy12.clear(Unknown Source)
	at org.openqa.selenium.support.events.EventFiringWebDriver$EventFiringWebElement.clear(EventFiringWebDriver.java:364)
	at org.openqa.selenium.support.pagefactory.internal.LocatingElementHandler.invoke(LocatingElementHandler.java:51)
	at com.sun.proxy.$Proxy10.clear(Unknown Source)
	at org.apache.atlas.objectwrapper.WebElementWrapper.clearAndSendKeys(WebElementWrapper.java:19)
	at org.atlas.ui.pages.TagsPage.enterTagName(TagsPage.java:70)
	at org.atlas.ui.pages.TagsPage.createExistingTag(TagsPage.java:109)
	at org.apache.atlas.seleniumtests.TagsPageTest.duplicateTagName(TagsPageTest.java:62)
	at java.util.concurrent.FutureTask.run(Unknown Source)
	at java.util.concurrent.ThreadPoolExecutor.runWorker(Unknown Source)
	at java.util.concurrent.ThreadPoolExecutor$Worker.run(Unknown Source)
	at java.lang.Thread.run(Unknown Source)
Caused by: org.openqa.selenium.InvalidElementStateException: Element is disabled and so may not be used for actions
Build info: version: '2.50.1', revision: 'd7fc91b', time: '2016-01-29 19:04:49'
System info: host: 'Deepak-PC', ip: '192.168.1.100', os.name: 'Windows 7', os.arch: 'amd64', os.version: '6.1', java.version: '1.7.0_79'
Driver info: driver.version: unknown
	at <anonymous class>.fxdriver.preconditions.enabled(file:///C:/Users/Deepak/AppData/Local/Temp/anonymous2763769485546477029webdriver-profile/extensions/fxdriver@googlecode.com/components/command-processor.js:10047)
	at <anonymous class>.DelayedCommand.prototype.checkPreconditions_(file:///C:/Users/Deepak/AppData/Local/Temp/anonymous2763769485546477029webdriver-profile/extensions/fxdriver@googlecode.com/components/command-processor.js:12578)
	at <anonymous class>.DelayedCommand.prototype.executeInternal_/h(file:///C:/Users/Deepak/AppData/Local/Temp/anonymous2763769485546477029webdriver-profile/extensions/fxdriver@googlecode.com/components/command-processor.js:12595)
	at <anonymous class>.DelayedCommand.prototype.executeInternal_(file:///C:/Users/Deepak/AppData/Local/Temp/anonymous2763769485546477029webdriver-profile/extensions/fxdriver@googlecode.com/components/command-processor.js:12600)
	at <anonymous class>.DelayedCommand.prototype.execute/<(file:///C:/Users/Deepak/AppData/Local/Temp/anonymous2763769485546477029webdriver-profile/extensions/fxdriver@googlecode.com/components/command-processor.js:12542)
... Removed 26 stack frames]]>
    </failure>
  </testcase> <!-- duplicateTagName -->
  <testcase name="testPageElementsFromTagsTab" time="3.323" classname="org.apache.atlas.seleniumtests.TagsPageTest"/>
  <testcase name="validateFunctionalTestTag" time="34.056" classname="org.apache.atlas.seleniumtests.TagsPageTest"/>
  <testcase name="validateTagsPage" time="33.294" classname="org.apache.atlas.seleniumtests.TagsPageTest"/>
  <testcase name="testPageElementsFromSearchPage" time="3.238" classname="org.apache.atlas.seleniumtests.LineagePageTest"/>
  <testcase name="validateBackToPageFunctionality" time="40.192" classname="org.apache.atlas.seleniumtests.LineagePageTest">
    <failure type="java.lang.AssertionError" message="BackToPage link enabled expected [true] but found [false]">
      <![CDATA[java.lang.AssertionError: BackToPage link enabled expected [true] but found [false]
	at org.apache.atlas.seleniumtests.LineagePageTest.validateBackToPageFunctionality(LineagePageTest.java:38)
	at java.util.concurrent.FutureTask.run(Unknown Source)
	at java.util.concurrent.ThreadPoolExecutor.runWorker(Unknown Source)
	at java.util.concurrent.ThreadPoolExecutor$Worker.run(Unknown Source)
	at java.lang.Thread.run(Unknown Source)
... Removed 20 stack frames]]>
    </failure>
  </testcase> <!-- validateBackToPageFunctionality -->
  <testcase name="validateLineagePage" time="46.784" classname="org.apache.atlas.seleniumtests.LineagePageTest">
    <failure type="java.lang.AssertionError" message="Graphs Section loaded expected [false] but found [true]">
      <![CDATA[java.lang.AssertionError: Graphs Section loaded expected [false] but found [true]
	at org.apache.atlas.seleniumtests.LineagePageTest.validateLineagePage(LineagePageTest.java:49)
	at java.util.concurrent.FutureTask.run(Unknown Source)
	at java.util.concurrent.ThreadPoolExecutor.runWorker(Unknown Source)
	at java.util.concurrent.ThreadPoolExecutor$Worker.run(Unknown Source)
	at java.lang.Thread.run(Unknown Source)
... Removed 20 stack frames]]>
    </failure>
  </testcase> <!-- validateLineagePage -->
  <testcase name="validateLineagePageTabs" time="40.188" classname="org.apache.atlas.seleniumtests.LineagePageTest"/>
  <testcase name="Validate_NeumericboxAtBottom" time="0.016" classname="org.apache.atlas.seleniumtests.PaginationTest"/>
  <testcase name="Validate_FirstPagePagination" time="0.015" classname="org.apache.atlas.seleniumtests.PaginationTest"/>
  <testcase name="Validate_LastPagePagination" time="0.015" classname="org.apache.atlas.seleniumtests.PaginationTest"/>
  <testcase name="MiddlePageOfPaginationVarification" time="0.009" classname="org.apache.atlas.seleniumtests.PaginationTest"/>
  <testcase name="Validate_NumberOfRowsPerPage" time="0.009" classname="org.apache.atlas.seleniumtests.PaginationTest"/>
</testsuite> <!-- AtlasUIAutomationTests -->
