<!DOCTYPE html PUBLIC "-//W3C//DTD XHTML 1.1//EN" "http://www.w3.org/TR/xhtml11/DTD/xhtml11.dtd">
<html xmlns="http://www.w3.org/1999/xhtml"><head><title>TestNG Report</title><style type="text/css">table {margin-bottom:10px;border-collapse:collapse;empty-cells:show}th,td {border:1px solid #009;padding:.25em .5em}th {vertical-align:bottom}td {vertical-align:top}table a {font-weight:bold}.stripe td {background-color: #E6EBF9}.num {text-align:right}.passedodd td {background-color: #3F3}.passedeven td {background-color: #0A0}.skippedodd td {background-color: #DDD}.skippedeven td {background-color: #CCC}.failedodd td,.attn {background-color: #F33}.failedeven td,.stripe .attn {background-color: #D00}.stacktrace {white-space:pre;font-family:monospace}.totop {font-size:85%;text-align:center;border-bottom:2px solid #000}</style></head><body><table><tr><th>Test</th><th># Passed</th><th># Skipped</th><th># Failed</th><th>Time (ms)</th><th>Included Groups</th><th>Excluded Groups</th></tr><tr><th colspan="7">AtlasSuite</th></tr><tr><td><a href="#t0">AtlasUIAutomationTests</a></td><td class="num">36</td><td class="num">0</td><td class="num attn">6</td><td class="num">599,501</td><td></td><td></td></tr></table><table><thead><tr><th>Class</th><th>Method</th><th>Start</th><th>Time (ms)</th></tr></thead><tbody><tr><th colspan="4">AtlasSuite</th></tr></tbody><tbody id="t0"><tr><th colspan="4">AtlasUIAutomationTests &#8212; failed</th></tr><tr class="failedeven"><td rowspan="2">org.apache.atlas.seleniumtests.HomePageTest</td><td><a href="#m0">validateAtlasLogo</a></td><td rowspan="1">1456066731450</td><td rowspan="1">137</td></tr><tr class="failedeven"><td><a href="#m1">validateHelpLink</a></td><td rowspan="1">1456066731610</td><td rowspan="1">15119</td></tr><tr class="failedodd"><td rowspan="2">org.apache.atlas.seleniumtests.LineagePageTest</td><td><a href="#m2">validateBackToPageFunctionality</a></td><td rowspan="1">1456067176324</td><td rowspan="1">40192</td></tr><tr class="failedodd"><td><a href="#m3">validateLineagePage</a></td><td rowspan="1">1456067216521</td><td rowspan="1">46784</td></tr><tr class="failedeven"><td rowspan="1">org.apache.atlas.seleniumtests.SearchPageTest</td><td><a href="#m4">validateFunctionalTestTag</a></td><td rowspan="1">1456066790917</td><td rowspan="1">10122</td></tr><tr class="failedodd"><td rowspan="1">org.apache.atlas.seleniumtests.TagsPageTest</td><td><a href="#m5">duplicateTagName</a></td><td rowspan="1">1456067101139</td><td rowspan="1">73</td></tr><tr><th colspan="4">AtlasUIAutomationTests &#8212; passed</th></tr><tr class="passedeven"><td rowspan="2">org.apache.atlas.seleniumtests.HomePageTest</td><td><a href="#m6">validateAboutLink</a></td><td rowspan="1">1456066710876</td><td rowspan="1">20567</td></tr><tr class="passedeven"><td><a href="#m7">validateMenuLinks</a></td><td rowspan="1">1456066746735</td><td rowspan="1">59</td></tr><tr class="passedodd"><td rowspan="2">org.apache.atlas.seleniumtests.LineagePageTest</td><td><a href="#m8">testPageElementsFromSearchPage</a></td><td rowspan="1">1456067173084</td><td rowspan="1">3238</td></tr><tr class="passedodd"><td><a href="#m9">validateLineagePageTabs</a></td><td rowspan="1">1456067263309</td><td rowspan="1">40188</td></tr><tr class="passedeven"><td rowspan="6">org.apache.atlas.seleniumtests.PaginationTest</td><td><a href="#m10">MiddlePageOfPaginationVarification</a></td><td rowspan="1">1456067303548</td><td rowspan="1">9</td></tr><tr class="passedeven"><td><a href="#m11">Validate_FirstPagePagination</a></td><td rowspan="1">1456067303516</td><td rowspan="1">15</td></tr><tr class="passedeven"><td><a href="#m12">Validate_LastPagePagination</a></td><td rowspan="1">1456067303533</td><td rowspan="1">15</td></tr><tr class="passedeven"><td><a href="#m13">Validate_NeumericboxAtBottom</a></td><td rowspan="1">1456067303499</td><td rowspan="1">16</td></tr><tr class="passedeven"><td><a href="#m14">Validate_NumberOfRows</a></td><td rowspan="1">1456066748105</td><td rowspan="1">24604</td></tr><tr class="passedeven"><td><a href="#m15">Validate_NumberOfRowsPerPage</a></td><td rowspan="1">1456067303558</td><td rowspan="1">9</td></tr><tr class="passedodd"><td rowspan="21">org.apache.atlas.seleniumtests.SearchPageTest</td><td><a href="#m16">invalidSearchResult</a></td><td rowspan="1">1456066774055</td><td rowspan="1">13616</td></tr><tr class="passedodd"><td><a href="#m17">testPageElementsFromSearchPage</a></td><td rowspan="1">1456066787672</td><td rowspan="1">3243</td></tr><tr class="passedodd"><td><a href="#m18">validateSearchFunctionalty</a></td><td rowspan="1">1456066801040</td><td rowspan="1">13297</td></tr><tr class="passedodd"><td><a href="#m19">validateSearchQueries</a></td><td rowspan="13">1456066976947</td><td rowspan="13">13433</td></tr><tr class="passedodd"><td><a href="#m20">validateSearchQueries</a></td></tr><tr class="passedodd"><td><a href="#m21">validateSearchQueries</a></td></tr><tr class="passedodd"><td><a href="#m22">validateSearchQueries</a></td></tr><tr class="passedodd"><td><a href="#m23">validateSearchQueries</a></td></tr><tr class="passedodd"><td><a href="#m24">validateSearchQueries</a></td></tr><tr class="passedodd"><td><a href="#m25">validateSearchQueries</a></td></tr><tr class="passedodd"><td><a href="#m26">validateSearchQueries</a></td></tr><tr class="passedodd"><td><a href="#m27">validateSearchQueries</a></td></tr><tr class="passedodd"><td><a href="#m28">validateSearchQueries</a></td></tr><tr class="passedodd"><td><a href="#m29">validateSearchQueries</a></td></tr><tr class="passedodd"><td><a href="#m30">validateSearchQueries</a></td></tr><tr class="passedodd"><td><a href="#m31">validateSearchQueries</a></td></tr><tr class="passedodd"><td><a href="#m32">validateSearchResultCount</a></td><td rowspan="1">1456066990380</td><td rowspan="1">13683</td></tr><tr class="passedodd"><td><a href="#m33">validateTableHeaders</a></td><td rowspan="1">1456067004065</td><td rowspan="1">75</td></tr><tr class="passedodd"><td><a href="#m34">validateTagInSearchResult</a></td><td rowspan="1">1456067004141</td><td rowspan="1">28444</td></tr><tr class="passedodd"><td><a href="#m35">validateTagSearchResult</a></td><td rowspan="1">1456067032587</td><td rowspan="1">61</td></tr><tr class="passedodd"><td><a href="#m36">validateTagSectionInSearchPage</a></td><td rowspan="1">1456067032649</td><td rowspan="1">12</td></tr><tr class="passedeven"><td rowspan="5">org.apache.atlas.seleniumtests.TagsPageTest</td><td><a href="#m37">addFunctionalTestTag</a></td><td rowspan="1">1456067034053</td><td rowspan="1">33415</td></tr><tr class="passedeven"><td><a href="#m38">createTagWithAttribute</a></td><td rowspan="1">1456067067469</td><td rowspan="1">33669</td></tr><tr class="passedeven"><td><a href="#m39">testPageElementsFromTagsTab</a></td><td rowspan="1">1456067101215</td><td rowspan="1">3323</td></tr><tr class="passedeven"><td><a href="#m40">validateFunctionalTestTag</a></td><td rowspan="1">1456067104539</td><td rowspan="1">34056</td></tr><tr class="passedeven"><td><a href="#m41">validateTagsPage</a></td><td rowspan="1">1456067138595</td><td rowspan="1">33294</td></tr></tbody></table><h2>AtlasUIAutomationTests</h2><h3 id="m0">org.apache.atlas.seleniumtests.HomePageTest#validateAtlasLogo</h3><table class="result"><tr><th>Messages</th></tr><tr><td><div class="messages">screenshot saved at D:\Deepika\software\workspace\Atlas\reports\validateAtlasLogo.jpg</div></td></tr><tr><th>Exception</th></tr><tr><td><div class="stacktrace">org.openqa.selenium.WebDriverException: Element is not clickable at point (156, 19). Other element would receive the click: &lt;div style=&quot;z-index: 1050; display: block;&quot; animate=&quot;animate&quot; index=&quot;0&quot; size=&quot;lg&quot; modal-window=&quot;&quot; tabindex=&quot;-1&quot; role=&quot;dialog&quot; class=&quot;modal fade ng-isolate-scope in&quot; ng-class=&quot;{in: animate}&quot; ng-style=&quot;{&apos;z-index&apos;: 1050 + index*10, display: &apos;block&apos;}&quot; ng-click=&quot;close($event)&quot;&gt;&lt;/div&gt;
Command duration or timeout: 64 milliseconds
Build info: version: &apos;2.50.1&apos;, revision: &apos;d7fc91b&apos;, time: &apos;2016-01-29 19:04:49&apos;
System info: host: &apos;Deepak-PC&apos;, ip: &apos;192.168.1.100&apos;, os.name: &apos;Windows 7&apos;, os.arch: &apos;amd64&apos;, os.version: &apos;6.1&apos;, java.version: &apos;1.7.0_79&apos;
Session ID: 9a2cb66c-051d-409d-962c-60a62f3ab099
Driver info: org.openqa.selenium.firefox.FirefoxDriver
Capabilities [{platform=WINDOWS, acceptSslCerts=true, javascriptEnabled=true, cssSelectorsEnabled=true, databaseEnabled=true, browserName=firefox, handlesAlerts=true, nativeEvents=false, webStorageEnabled=true, rotatable=false, locationContextEnabled=true, applicationCacheEnabled=true, takesScreenshot=true, version=44.0.2}]
	at org.openqa.selenium.remote.ErrorHandler.createThrowable(ErrorHandler.java:206)
	at org.openqa.selenium.remote.ErrorHandler.throwIfResponseFailed(ErrorHandler.java:158)
	at org.openqa.selenium.remote.RemoteWebDriver.execute(RemoteWebDriver.java:678)
	at org.openqa.selenium.remote.RemoteWebElement.execute(RemoteWebElement.java:327)
	at org.openqa.selenium.remote.RemoteWebElement.click(RemoteWebElement.java:85)
	at org.openqa.selenium.support.events.EventFiringWebDriver$EventFiringWebElement$1.invoke(EventFiringWebDriver.java:335)
	at com.sun.proxy.$Proxy12.click(Unknown Source)
	at org.openqa.selenium.support.events.EventFiringWebDriver$EventFiringWebElement.click(EventFiringWebDriver.java:348)
	at org.openqa.selenium.support.pagefactory.internal.LocatingElementHandler.invoke(LocatingElementHandler.java:51)
	at com.sun.proxy.$Proxy10.click(Unknown Source)
	at org.atlas.ui.pages.HomePage.validateLogo(HomePage.java:135)
	at org.apache.atlas.seleniumtests.HomePageTest.validateAtlasLogo(HomePageTest.java:78)
	at java.util.concurrent.FutureTask.run(Unknown Source)
	at java.util.concurrent.ThreadPoolExecutor.runWorker(Unknown Source)
	at java.util.concurrent.ThreadPoolExecutor$Worker.run(Unknown Source)
	at java.lang.Thread.run(Unknown Source)
... Removed 28 stack frames</div></td></tr></table><p class="totop"><a href="#summary">back to summary</a></p><h3 id="m1">org.apache.atlas.seleniumtests.HomePageTest#validateHelpLink</h3><table class="result"><tr><th>Messages</th></tr><tr><td><div class="messages">screenshot saved at D:\Deepika\software\workspace\Atlas\reports\validateHelpLink.jpg</div></td></tr><tr><th>Exception</th></tr><tr><td><div class="stacktrace">org.openqa.selenium.WebDriverException: Element is not clickable at point (1172, 20). Other element would receive the click: &lt;div style=&quot;z-index: 1050; display: block;&quot; animate=&quot;animate&quot; index=&quot;0&quot; size=&quot;lg&quot; modal-window=&quot;&quot; tabindex=&quot;-1&quot; role=&quot;dialog&quot; class=&quot;modal fade ng-isolate-scope in&quot; ng-class=&quot;{in: animate}&quot; ng-style=&quot;{&apos;z-index&apos;: 1050 + index*10, display: &apos;block&apos;}&quot; ng-click=&quot;close($event)&quot;&gt;&lt;/div&gt;
Command duration or timeout: 63 milliseconds
Build info: version: &apos;2.50.1&apos;, revision: &apos;d7fc91b&apos;, time: &apos;2016-01-29 19:04:49&apos;
System info: host: &apos;Deepak-PC&apos;, ip: &apos;192.168.1.100&apos;, os.name: &apos;Windows 7&apos;, os.arch: &apos;amd64&apos;, os.version: &apos;6.1&apos;, java.version: &apos;1.7.0_79&apos;
Session ID: 9a2cb66c-051d-409d-962c-60a62f3ab099
Driver info: org.openqa.selenium.firefox.FirefoxDriver
Capabilities [{platform=WINDOWS, acceptSslCerts=true, javascriptEnabled=true, cssSelectorsEnabled=true, databaseEnabled=true, browserName=firefox, handlesAlerts=true, nativeEvents=false, webStorageEnabled=true, rotatable=false, locationContextEnabled=true, applicationCacheEnabled=true, takesScreenshot=true, version=44.0.2}]
	at org.openqa.selenium.remote.ErrorHandler.createThrowable(ErrorHandler.java:206)
	at org.openqa.selenium.remote.ErrorHandler.throwIfResponseFailed(ErrorHandler.java:158)
	at org.openqa.selenium.remote.RemoteWebDriver.execute(RemoteWebDriver.java:678)
	at org.openqa.selenium.remote.RemoteWebElement.execute(RemoteWebElement.java:327)
	at org.openqa.selenium.remote.RemoteWebElement.click(RemoteWebElement.java:85)
	at org.openqa.selenium.support.events.EventFiringWebDriver$EventFiringWebElement$1.invoke(EventFiringWebDriver.java:335)
	at com.sun.proxy.$Proxy12.click(Unknown Source)
	at org.openqa.selenium.support.events.EventFiringWebDriver$EventFiringWebElement.click(EventFiringWebDriver.java:348)
	at org.atlas.ui.pages.HomePage.clickOnMenu(HomePage.java:86)
	at org.atlas.ui.pages.HomePage.validateLink(HomePage.java:70)
	at org.apache.atlas.seleniumtests.HomePageTest.validateHelpLink(HomePageTest.java:106)
	at java.util.concurrent.FutureTask.run(Unknown Source)
	at java.util.concurrent.ThreadPoolExecutor.runWorker(Unknown Source)
	at java.util.concurrent.ThreadPoolExecutor$Worker.run(Unknown Source)
	at java.lang.Thread.run(Unknown Source)
... Removed 24 stack frames</div></td></tr></table><p class="totop"><a href="#summary">back to summary</a></p><h3 id="m2">org.apache.atlas.seleniumtests.LineagePageTest#validateBackToPageFunctionality</h3><table class="result"><tr class="param"><th>Parameter #1</th></tr><tr class="param stripe"><td>Metric:084f35c8-6ca2-4aea-b8d5-dcc45297d435</td></tr><tr><th>Messages</th></tr><tr><td><div class="messages">screenshot saved at D:\Deepika\software\workspace\Atlas\reports\validateBackToPageFunctionality.jpg</div></td></tr><tr><th>Exception</th></tr><tr><td><div class="stacktrace">java.lang.AssertionError: BackToPage link enabled expected [true] but found [false]
	at org.apache.atlas.seleniumtests.LineagePageTest.validateBackToPageFunctionality(LineagePageTest.java:38)
	at java.util.concurrent.FutureTask.run(Unknown Source)
	at java.util.concurrent.ThreadPoolExecutor.runWorker(Unknown Source)
	at java.util.concurrent.ThreadPoolExecutor$Worker.run(Unknown Source)
	at java.lang.Thread.run(Unknown Source)
... Removed 20 stack frames</div></td></tr></table><p class="totop"><a href="#summary">back to summary</a></p><h3 id="m3">org.apache.atlas.seleniumtests.LineagePageTest#validateLineagePage</h3><table class="result"><tr class="param"><th>Parameter #1</th></tr><tr class="param stripe"><td>Fact:30f27e78-07f8-433b-8bef-fbc7d380cd10</td></tr><tr><th>Messages</th></tr><tr><td><div class="messages">screenshot saved at D:\Deepika\software\workspace\Atlas\reports\validateLineagePage.jpg</div></td></tr><tr><th>Exception</th></tr><tr><td><div class="stacktrace">java.lang.AssertionError: Graphs Section loaded expected [false] but found [true]
	at org.apache.atlas.seleniumtests.LineagePageTest.validateLineagePage(LineagePageTest.java:49)
	at java.util.concurrent.FutureTask.run(Unknown Source)
	at java.util.concurrent.ThreadPoolExecutor.runWorker(Unknown Source)
	at java.util.concurrent.ThreadPoolExecutor$Worker.run(Unknown Source)
	at java.lang.Thread.run(Unknown Source)
... Removed 20 stack frames</div></td></tr></table><p class="totop"><a href="#summary">back to summary</a></p><h3 id="m4">org.apache.atlas.seleniumtests.SearchPageTest#validateFunctionalTestTag</h3><table class="result"><tr><th>Messages</th></tr><tr><td><div class="messages">screenshot saved at D:\Deepika\software\workspace\Atlas\reports\validateFunctionalTestTag.jpg</div></td></tr><tr><th>Exception</th></tr><tr><td><div class="stacktrace">java.lang.AssertionError: Validating tag in search page tags expected [true] but found [false]
	at org.apache.atlas.seleniumtests.SearchPageTest.validateFunctionalTestTag(SearchPageTest.java:165)
	at java.util.concurrent.FutureTask.run(Unknown Source)
	at java.util.concurrent.ThreadPoolExecutor.runWorker(Unknown Source)
	at java.util.concurrent.ThreadPoolExecutor$Worker.run(Unknown Source)
	at java.lang.Thread.run(Unknown Source)
... Removed 19 stack frames</div></td></tr></table><p class="totop"><a href="#summary">back to summary</a></p><h3 id="m5">org.apache.atlas.seleniumtests.TagsPageTest#duplicateTagName</h3><table class="result"><tr><th>Messages</th></tr><tr><td><div class="messages">screenshot saved at D:\Deepika\software\workspace\Atlas\reports\duplicateTagName.jpg</div></td></tr><tr><th>Exception</th></tr><tr><td><div class="stacktrace">org.openqa.selenium.InvalidElementStateException: Element is disabled and so may not be used for actions
Command duration or timeout: 8 milliseconds
Build info: version: &apos;2.50.1&apos;, revision: &apos;d7fc91b&apos;, time: &apos;2016-01-29 19:04:49&apos;
System info: host: &apos;Deepak-PC&apos;, ip: &apos;192.168.1.100&apos;, os.name: &apos;Windows 7&apos;, os.arch: &apos;amd64&apos;, os.version: &apos;6.1&apos;, java.version: &apos;1.7.0_79&apos;
Session ID: 9a2cb66c-051d-409d-962c-60a62f3ab099
Driver info: org.openqa.selenium.firefox.FirefoxDriver
Capabilities [{platform=WINDOWS, acceptSslCerts=true, javascriptEnabled=true, cssSelectorsEnabled=true, databaseEnabled=true, browserName=firefox, handlesAlerts=true, nativeEvents=false, webStorageEnabled=true, rotatable=false, locationContextEnabled=true, applicationCacheEnabled=true, takesScreenshot=true, version=44.0.2}]
	at org.openqa.selenium.remote.ErrorHandler.createThrowable(ErrorHandler.java:206)
	at org.openqa.selenium.remote.ErrorHandler.throwIfResponseFailed(ErrorHandler.java:158)
	at org.openqa.selenium.remote.RemoteWebDriver.execute(RemoteWebDriver.java:678)
	at org.openqa.selenium.remote.RemoteWebElement.execute(RemoteWebElement.java:327)
	at org.openqa.selenium.remote.RemoteWebElement.clear(RemoteWebElement.java:140)
	at org.openqa.selenium.support.events.EventFiringWebDriver$EventFiringWebElement$1.invoke(EventFiringWebDriver.java:335)
	at com.sun.proxy.$Proxy12.clear(Unknown Source)
	at org.openqa.selenium.support.events.EventFiringWebDriver$EventFiringWebElement.clear(EventFiringWebDriver.java:364)
	at org.openqa.selenium.support.pagefactory.internal.LocatingElementHandler.invoke(LocatingElementHandler.java:51)
	at com.sun.proxy.$Proxy10.clear(Unknown Source)
	at org.apache.atlas.objectwrapper.WebElementWrapper.clearAndSendKeys(WebElementWrapper.java:19)
	at org.atlas.ui.pages.TagsPage.enterTagName(TagsPage.java:70)
	at org.atlas.ui.pages.TagsPage.createExistingTag(TagsPage.java:109)
	at org.apache.atlas.seleniumtests.TagsPageTest.duplicateTagName(TagsPageTest.java:62)
	at java.util.concurrent.FutureTask.run(Unknown Source)
	at java.util.concurrent.ThreadPoolExecutor.runWorker(Unknown Source)
	at java.util.concurrent.ThreadPoolExecutor$Worker.run(Unknown Source)
	at java.lang.Thread.run(Unknown Source)
Caused by: org.openqa.selenium.InvalidElementStateException: Element is disabled and so may not be used for actions
Build info: version: &apos;2.50.1&apos;, revision: &apos;d7fc91b&apos;, time: &apos;2016-01-29 19:04:49&apos;
System info: host: &apos;Deepak-PC&apos;, ip: &apos;192.168.1.100&apos;, os.name: &apos;Windows 7&apos;, os.arch: &apos;amd64&apos;, os.version: &apos;6.1&apos;, java.version: &apos;1.7.0_79&apos;
Driver info: driver.version: unknown
	at &lt;anonymous class&gt;.fxdriver.preconditions.enabled(file:///C:/Users/Deepak/AppData/Local/Temp/anonymous2763769485546477029webdriver-profile/extensions/fxdriver@googlecode.com/components/command-processor.js:10047)
	at &lt;anonymous class&gt;.DelayedCommand.prototype.checkPreconditions_(file:///C:/Users/Deepak/AppData/Local/Temp/anonymous2763769485546477029webdriver-profile/extensions/fxdriver@googlecode.com/components/command-processor.js:12578)
	at &lt;anonymous class&gt;.DelayedCommand.prototype.executeInternal_/h(file:///C:/Users/Deepak/AppData/Local/Temp/anonymous2763769485546477029webdriver-profile/extensions/fxdriver@googlecode.com/components/command-processor.js:12595)
	at &lt;anonymous class&gt;.DelayedCommand.prototype.executeInternal_(file:///C:/Users/Deepak/AppData/Local/Temp/anonymous2763769485546477029webdriver-profile/extensions/fxdriver@googlecode.com/components/command-processor.js:12600)
	at &lt;anonymous class&gt;.DelayedCommand.prototype.execute/&lt;(file:///C:/Users/Deepak/AppData/Local/Temp/anonymous2763769485546477029webdriver-profile/extensions/fxdriver@googlecode.com/components/command-processor.js:12542)
... Removed 26 stack frames</div></td></tr></table><p class="totop"><a href="#summary">back to summary</a></p><h3 id="m6">org.apache.atlas.seleniumtests.HomePageTest#validateAboutLink</h3><table class="result"></table><p class="totop"><a href="#summary">back to summary</a></p><h3 id="m7">org.apache.atlas.seleniumtests.HomePageTest#validateMenuLinks</h3><table class="result"></table><p class="totop"><a href="#summary">back to summary</a></p><h3 id="m8">org.apache.atlas.seleniumtests.LineagePageTest#testPageElementsFromSearchPage</h3><table class="result"></table><p class="totop"><a href="#summary">back to summary</a></p><h3 id="m9">org.apache.atlas.seleniumtests.LineagePageTest#validateLineagePageTabs</h3><table class="result"><tr class="param"><th>Parameter #1</th></tr><tr class="param stripe"><td>Metric:084f35c8-6ca2-4aea-b8d5-dcc45297d435</td></tr></table><p class="totop"><a href="#summary">back to summary</a></p><h3 id="m10">org.apache.atlas.seleniumtests.PaginationTest#MiddlePageOfPaginationVarification</h3><table class="result"></table><p class="totop"><a href="#summary">back to summary</a></p><h3 id="m11">org.apache.atlas.seleniumtests.PaginationTest#Validate_FirstPagePagination</h3><table class="result"></table><p class="totop"><a href="#summary">back to summary</a></p><h3 id="m12">org.apache.atlas.seleniumtests.PaginationTest#Validate_LastPagePagination</h3><table class="result"></table><p class="totop"><a href="#summary">back to summary</a></p><h3 id="m13">org.apache.atlas.seleniumtests.PaginationTest#Validate_NeumericboxAtBottom</h3><table class="result"></table><p class="totop"><a href="#summary">back to summary</a></p><h3 id="m14">org.apache.atlas.seleniumtests.PaginationTest#Validate_NumberOfRows</h3><table class="result"></table><p class="totop"><a href="#summary">back to summary</a></p><h3 id="m15">org.apache.atlas.seleniumtests.PaginationTest#Validate_NumberOfRowsPerPage</h3><table class="result"></table><p class="totop"><a href="#summary">back to summary</a></p><h3 id="m16">org.apache.atlas.seleniumtests.SearchPageTest#invalidSearchResult</h3><table class="result"><tr class="param"><th>Parameter #1</th></tr><tr class="param stripe"><td>abc!@#</td></tr></table><p class="totop"><a href="#summary">back to summary</a></p><h3 id="m17">org.apache.atlas.seleniumtests.SearchPageTest#testPageElementsFromSearchPage</h3><table class="result"></table><p class="totop"><a href="#summary">back to summary</a></p><h3 id="m18">org.apache.atlas.seleniumtests.SearchPageTest#validateSearchFunctionalty</h3><table class="result"></table><p class="totop"><a href="#summary">back to summary</a></p><h3 id="m19">org.apache.atlas.seleniumtests.SearchPageTest#validateSearchQueries</h3><table class="result"><tr class="param"><th>Parameter #1</th></tr><tr class="param stripe"><td>from hive_table select tableName</td></tr></table><p class="totop"><a href="#summary">back to summary</a></p><h3 id="m20">org.apache.atlas.seleniumtests.SearchPageTest#validateSearchQueries</h3><table class="result"><tr class="param"><th>Parameter #1</th></tr><tr class="param stripe"><td>from DB select DB.name=‘Sales’ </td></tr></table><p class="totop"><a href="#summary">back to summary</a></p><h3 id="m21">org.apache.atlas.seleniumtests.SearchPageTest#validateSearchQueries</h3><table class="result"><tr class="param"><th>Parameter #1</th></tr><tr class="param stripe"><td>Column select Column.name </td></tr></table><p class="totop"><a href="#summary">back to summary</a></p><h3 id="m22">org.apache.atlas.seleniumtests.SearchPageTest#validateSearchQueries</h3><table class="result"><tr class="param"><th>Parameter #1</th></tr><tr class="param stripe"><td>from Table select Table - </td></tr></table><p class="totop"><a href="#summary">back to summary</a></p><h3 id="m23">org.apache.atlas.seleniumtests.SearchPageTest#validateSearchQueries</h3><table class="result"><tr class="param"><th>Parameter #1</th></tr><tr class="param stripe"><td>from table select owner=&apos;joe&apos;</td></tr></table><p class="totop"><a href="#summary">back to summary</a></p><h3 id="m24">org.apache.atlas.seleniumtests.SearchPageTest#validateSearchQueries</h3><table class="result"><tr class="param"><th>Parameter #1</th></tr><tr class="param stripe"><td>Table select name,owner,createTime</td></tr></table><p class="totop"><a href="#summary">back to summary</a></p><h3 id="m25">org.apache.atlas.seleniumtests.SearchPageTest#validateSearchQueries</h3><table class="result"><tr class="param"><th>Parameter #1</th></tr><tr class="param stripe"><td>from DB select DB.name, DB.createTime</td></tr></table><p class="totop"><a href="#summary">back to summary</a></p><h3 id="m26">org.apache.atlas.seleniumtests.SearchPageTest#validateSearchQueries</h3><table class="result"><tr class="param"><th>Parameter #1</th></tr><tr class="param stripe"><td>from Table select Table.name, Table.owner </td></tr></table><p class="totop"><a href="#summary">back to summary</a></p><h3 id="m27">org.apache.atlas.seleniumtests.SearchPageTest#validateSearchQueries</h3><table class="result"><tr class="param"><th>Parameter #1</th></tr><tr class="param stripe"><td>from DB select DB.name=‘sales&apos;</td></tr></table><p class="totop"><a href="#summary">back to summary</a></p><h3 id="m28">org.apache.atlas.seleniumtests.SearchPageTest#validateSearchQueries</h3><table class="result"><tr class="param"><th>Parameter #1</th></tr><tr class="param stripe"><td>from Table select Table.name , Table.owner </td></tr></table><p class="totop"><a href="#summary">back to summary</a></p><h3 id="m29">org.apache.atlas.seleniumtests.SearchPageTest#validateSearchQueries</h3><table class="result"><tr class="param"><th>Parameter #1</th></tr><tr class="param stripe"><td>from Table select Table.name, Table.owner, Table.creteTime</td></tr></table><p class="totop"><a href="#summary">back to summary</a></p><h3 id="m30">org.apache.atlas.seleniumtests.SearchPageTest#validateSearchQueries</h3><table class="result"><tr class="param"><th>Parameter #1</th></tr><tr class="param stripe"><td>from Table select Table.name</td></tr></table><p class="totop"><a href="#summary">back to summary</a></p><h3 id="m31">org.apache.atlas.seleniumtests.SearchPageTest#validateSearchQueries</h3><table class="result"><tr class="param"><th>Parameter #1</th></tr><tr class="param stripe"><td>from DB select DB.name</td></tr></table><p class="totop"><a href="#summary">back to summary</a></p><h3 id="m32">org.apache.atlas.seleniumtests.SearchPageTest#validateSearchResultCount</h3><table class="result"></table><p class="totop"><a href="#summary">back to summary</a></p><h3 id="m33">org.apache.atlas.seleniumtests.SearchPageTest#validateTableHeaders</h3><table class="result"><tr class="param"><th>Parameter #1</th></tr><tr class="param stripe"><td>[Name, Description, Owner, Tags, Tools]</td></tr></table><p class="totop"><a href="#summary">back to summary</a></p><h3 id="m34">org.apache.atlas.seleniumtests.SearchPageTest#validateTagInSearchResult</h3><table class="result"></table><p class="totop"><a href="#summary">back to summary</a></p><h3 id="m35">org.apache.atlas.seleniumtests.SearchPageTest#validateTagSearchResult</h3><table class="result"></table><p class="totop"><a href="#summary">back to summary</a></p><h3 id="m36">org.apache.atlas.seleniumtests.SearchPageTest#validateTagSectionInSearchPage</h3><table class="result"></table><p class="totop"><a href="#summary">back to summary</a></p><h3 id="m37">org.apache.atlas.seleniumtests.TagsPageTest#addFunctionalTestTag</h3><table class="result"></table><p class="totop"><a href="#summary">back to summary</a></p><h3 id="m38">org.apache.atlas.seleniumtests.TagsPageTest#createTagWithAttribute</h3><table class="result"></table><p class="totop"><a href="#summary">back to summary</a></p><h3 id="m39">org.apache.atlas.seleniumtests.TagsPageTest#testPageElementsFromTagsTab</h3><table class="result"></table><p class="totop"><a href="#summary">back to summary</a></p><h3 id="m40">org.apache.atlas.seleniumtests.TagsPageTest#validateFunctionalTestTag</h3><table class="result"></table><p class="totop"><a href="#summary">back to summary</a></p><h3 id="m41">org.apache.atlas.seleniumtests.TagsPageTest#validateTagsPage</h3><table class="result"></table><p class="totop"><a href="#summary">back to summary</a></p></body></html>